{"C:\\Users\\Saurabh\\Desktop\\test-driven-fizzbuzz\\index.js": {"path":"C:\\Users\\Saurabh\\Desktop\\test-driven-fizzbuzz\\index.js","statementMap":{"0":{"start":{"line":2,"column":0},"end":{"line":10,"column":1}},"1":{"start":{"line":3,"column":4},"end":{"line":3,"column":61}},"2":{"start":{"line":3,"column":43},"end":{"line":3,"column":61}},"3":{"start":{"line":5,"column":4},"end":{"line":5,"column":36}},"4":{"start":{"line":5,"column":22},"end":{"line":5,"column":36}},"5":{"start":{"line":7,"column":4},"end":{"line":7,"column":36}},"6":{"start":{"line":7,"column":22},"end":{"line":7,"column":36}},"7":{"start":{"line":9,"column":4},"end":{"line":9,"column":19}}},"fnMap":{"0":{"name":"(anonymous_0)","decl":{"start":{"line":2,"column":17},"end":{"line":2,"column":18}},"loc":{"start":{"line":2,"column":26},"end":{"line":10,"column":1}},"line":2}},"branchMap":{"0":{"loc":{"start":{"line":3,"column":4},"end":{"line":3,"column":61}},"type":"if","locations":[{"start":{"line":3,"column":4},"end":{"line":3,"column":61}},{"start":{"line":3,"column":4},"end":{"line":3,"column":61}}],"line":3},"1":{"loc":{"start":{"line":3,"column":7},"end":{"line":3,"column":41}},"type":"binary-expr","locations":[{"start":{"line":3,"column":8},"end":{"line":3,"column":21}},{"start":{"line":3,"column":27},"end":{"line":3,"column":40}}],"line":3},"2":{"loc":{"start":{"line":5,"column":4},"end":{"line":5,"column":36}},"type":"if","locations":[{"start":{"line":5,"column":4},"end":{"line":5,"column":36}},{"start":{"line":5,"column":4},"end":{"line":5,"column":36}}],"line":5},"3":{"loc":{"start":{"line":7,"column":4},"end":{"line":7,"column":36}},"type":"if","locations":[{"start":{"line":7,"column":4},"end":{"line":7,"column":36}},{"start":{"line":7,"column":4},"end":{"line":7,"column":36}}],"line":7}},"s":{"0":1,"1":8,"2":2,"3":6,"4":2,"5":4,"6":2,"7":2},"f":{"0":8},"b":{"0":[2,6],"1":[8,4],"2":[2,4],"3":[2,2]},"_coverageSchema":"1a1c01bbd47fc00a2c39e90264f33305004495a9","hash":"f6518044add1ab5885e2c9472f49991335f5a7b4"}
}
