{"C:\\Users\\Saurabh\\Desktop\\test-driven-fizzbuzz\\index.js": {"path":"C:\\Users\\Saurabh\\Desktop\\test-driven-fizzbuzz\\index.js","statementMap":{"0":{"start":{"line":2,"column":0},"end":{"line":5,"column":1}},"1":{"start":{"line":3,"column":4},"end":{"line":3,"column":41}},"2":{"start":{"line":3,"column":23},"end":{"line":3,"column":41}},"3":{"start":{"line":4,"column":4},"end":{"line":4,"column":19}}},"fnMap":{"0":{"name":"(anonymous_0)","decl":{"start":{"line":2,"column":17},"end":{"line":2,"column":18}},"loc":{"start":{"line":2,"column":26},"end":{"line":5,"column":1}},"line":2}},"branchMap":{"0":{"loc":{"start":{"line":3,"column":4},"end":{"line":3,"column":41}},"type":"if","locations":[{"start":{"line":3,"column":4},"end":{"line":3,"column":41}},{"start":{"line":3,"column":4},"end":{"line":3,"column":41}}],"line":3}},"s":{"0":1,"1":4,"2":2,"3":2},"f":{"0":4},"b":{"0":[2,2]},"_coverageSchema":"1a1c01bbd47fc00a2c39e90264f33305004495a9","hash":"5cbfcefb4eafc56000f7b696fb98e7d7054f9c0c"}
}
